<?xml version="1.0" encoding="UTF-8"?>
<!-- Generated by org.testng.reporters.JUnitReportReporter -->
<testsuite hostname="CESIT-LAP-0420" failures="0" tests="1" name="testCases.sample" time="16.149" errors="0" timestamp="2023-12-28T15:21:18 IST" skipped="0">
  <testcase classname="testCases.sample" name="sample3" time="16.149"/>
</testsuite> <!-- testCases.sample -->
