<?xml version="1.0" encoding="UTF-8"?>
<!-- Generated by org.testng.reporters.JUnitReportReporter -->
<testsuite hostname="CESIT-LAP-0420" failures="0" tests="9" name="sample.sample" time="42.509" errors="0" timestamp="2023-10-29T01:53:03 IST" skipped="0">
  <testcase classname="sample.sample" name="sample3" time="3.749"/>
  <testcase classname="sample.sample" name="sample1" time="4.864"/>
  <testcase classname="sample.sample" name="sample3" time="3.887"/>
  <testcase classname="sample.sample" name="sample2" time="4.635"/>
  <testcase classname="sample.sample" name="sample1" time="5.928"/>
  <testcase classname="sample.sample" name="sample2" time="4.549"/>
  <testcase classname="sample.sample" name="sample3" time="4.559"/>
  <testcase classname="sample.sample" name="sample2" time="4.989"/>
  <testcase classname="sample.sample" name="sample1" time="5.349"/>
</testsuite> <!-- sample.sample -->
