<?xml version="1.0" encoding="UTF-8"?>
<!-- Generated by org.testng.reporters.JUnitReportReporter -->
<testsuite hostname="CESIT-LAP-0420" failures="0" tests="1" name="testCases.sample" time="19.574" errors="0" timestamp="2023-10-30T18:56:46 IST" skipped="0">
  <testcase classname="testCases.sample" name="sample3" time="19.574"/>
</testsuite> <!-- testCases.sample -->
