<?xml version="1.0" encoding="UTF-8"?>
<!-- Generated by org.testng.reporters.JUnitReportReporter -->
<testsuite hostname="CESIT-LAP-0420" failures="0" tests="2" name="sample.sample" time="10.734" errors="0" timestamp="2023-10-28T23:41:46 IST" skipped="0">
  <testcase classname="sample.sample" name="sample1" time="5.990"/>
  <testcase classname="sample.sample" name="sample1" time="4.744"/>
</testsuite> <!-- sample.sample -->
